2025-11-17 08:18:42 [auth-service] [32minfo[39m: [32mauth-service is running on port 3001[39m
2025-11-17 08:20:56 [auth-service] [32minfo[39m: [32mauth-service is running on port 3001[39m
2025-11-17 08:22:14 [auth-service] [31merror[39m: [31mError: refereshToken is not defined[39m
2025-11-17 08:25:06 [auth-service] [32minfo[39m: [32mauth-service is running on port 3001[39m
2025-11-17 08:25:10 [auth-service] [32minfo[39m: [32mauth-service is running on port 3001[39m
2025-11-17 08:25:16 [auth-service] [31merror[39m: [31mError: User with this email already exists[39m
2025-11-17 08:25:37 [auth-service] [32minfo[39m: [32mauth-service is running on port 3001[39m
2025-11-17 08:25:42 [auth-service] [32minfo[39m: [32mNew user registered: john@gmail.com[39m
2025-11-17 08:26:57 [auth-service] [31merror[39m: [31mError: User with this email already exists[39m
2025-11-17 08:27:40 [auth-service] [32minfo[39m: [32mUser logged in: john@gmail.com[39m
2025-11-17 08:28:06 [auth-service] [31merror[39m: [31mError: Invalid email/password[39m
2025-11-17 08:30:35 [auth-service] [32minfo[39m: [32mAccess token refreshed for user: john@gmail.com[39m
2025-11-17 09:08:09 [auth-service] [32minfo[39m: [32mauth-service is running on port 3001[39m
2025-11-17 09:09:05 [auth-service] [32minfo[39m: [32mUser logged in: john@gmail.com[39m
2025-11-17 09:09:52 [auth-service] [31merror[39m: [31mError: User not found[39m
2025-11-17 09:11:17 [auth-service] [32minfo[39m: [32mUser logged in: john@gmail.com[39m
2025-11-17 09:11:35 [auth-service] [31merror[39m: [31mError: User not found[39m
2025-11-17 09:11:51 [auth-service] [31merror[39m: [31mError: User not found[39m
2025-11-17 09:12:28 [auth-service] [32minfo[39m: [32mauth-service is running on port 3001[39m
2025-11-17 09:12:40 [auth-service] [32minfo[39m: [32mauth-service is running on port 3001[39m
2025-11-17 09:12:47 [auth-service] [31merror[39m: [31mError: User not found[39m
2025-11-17 09:13:16 [auth-service] [32minfo[39m: [32mauth-service is running on port 3001[39m
2025-11-17 09:13:18 [auth-service] [32minfo[39m: [32mauth-service is running on port 3001[39m
2025-11-17 09:13:20 [auth-service] [31merror[39m: [31mError: User not found[39m
2025-11-17 09:13:39 [auth-service] [32minfo[39m: [32mauth-service is running on port 3001[39m
2025-11-17 09:13:43 [auth-service] [32minfo[39m: [32mauth-service is running on port 3001[39m
2025-11-17 09:16:35 [auth-service] [32minfo[39m: [32mauth-service is running on port 3001[39m
2025-11-17 09:21:27 [auth-service] [32minfo[39m: [32mUser logged in: john@gmail.com[39m
2025-11-17 09:22:02 [auth-service] [31merror[39m: [31mError: User not found[39m
2025-11-17 09:22:29 [auth-service] [31merror[39m: [31mError: User not found[39m
2025-11-17 09:22:34 [auth-service] [32minfo[39m: [32mUser logged in: john@gmail.com[39m
2025-11-17 09:22:47 [auth-service] [31merror[39m: [31mError: User not found[39m
2025-11-17 09:23:24 [auth-service] [32minfo[39m: [32mauth-service is running on port 3001[39m
2025-11-17 09:23:38 [auth-service] [32minfo[39m: [32mUser logged out: john@gmail.com[39m
2025-11-17 09:23:55 [auth-service] [32minfo[39m: [32mUser logged in: john@gmail.com[39m
2025-11-17 09:35:53 [auth-service] [32minfo[39m: [32mauth-service is running on port 3001[39m
2025-11-17 09:37:36 [auth-service] [32minfo[39m: [32mauth-service is running on port 3001[39m
2025-11-17 09:37:45 [auth-service] [32minfo[39m: [32mauth-service is running on port 3001[39m
2025-11-17 09:37:48 [auth-service] [32minfo[39m: [32mauth-service is running on port 3001[39m
2025-11-17 09:37:50 [auth-service] [32minfo[39m: [32mauth-service is running on port 3001[39m
2025-11-17 09:37:54 [auth-service] [32minfo[39m: [32mauth-service is running on port 3001[39m
2025-11-17 09:38:00 [auth-service] [32minfo[39m: [32mauth-service is running on port 3001[39m
2025-11-17 09:38:03 [auth-service] [32minfo[39m: [32mauth-service is running on port 3001[39m
2025-11-17 09:38:07 [auth-service] [32minfo[39m: [32mauth-service is running on port 3001[39m
2025-11-17 09:38:12 [auth-service] [32minfo[39m: [32mauth-service is running on port 3001[39m
2025-11-17 09:38:49 [auth-service] [32minfo[39m: [32mauth-service is running on port 3001[39m
2025-11-17 09:38:53 [auth-service] [32minfo[39m: [32mauth-service is running on port 3001[39m
2025-11-17 09:39:00 [auth-service] [32minfo[39m: [32mauth-service is running on port 3001[39m
2025-11-17 09:39:06 [auth-service] [32minfo[39m: [32mauth-service is running on port 3001[39m
2025-11-17 09:39:12 [auth-service] [32minfo[39m: [32mauth-service is running on port 3001[39m
2025-11-17 09:39:16 [auth-service] [32minfo[39m: [32mauth-service is running on port 3001[39m
2025-11-17 09:39:21 [auth-service] [32minfo[39m: [32mauth-service is running on port 3001[39m
2025-11-17 09:39:24 [auth-service] [32minfo[39m: [32mauth-service is running on port 3001[39m
2025-11-17 09:39:27 [auth-service] [32minfo[39m: [32mauth-service is running on port 3001[39m
2025-11-17 09:39:38 [auth-service] [32minfo[39m: [32mauth-service is running on port 3001[39m
2025-11-17 09:39:40 [auth-service] [32minfo[39m: [32mauth-service is running on port 3001[39m
2025-11-17 09:39:42 [auth-service] [32minfo[39m: [32mauth-service is running on port 3001[39m
2025-11-17 09:39:49 [auth-service] [32minfo[39m: [32mauth-service is running on port 3001[39m
2025-11-17 09:39:56 [auth-service] [32minfo[39m: [32mauth-service is running on port 3001[39m
2025-11-17 09:40:00 [auth-service] [32minfo[39m: [32mauth-service is running on port 3001[39m
2025-11-17 09:40:05 [auth-service] [32minfo[39m: [32mauth-service is running on port 3001[39m
2025-11-17 09:40:18 [auth-service] [32minfo[39m: [32mauth-service is running on port 3001[39m
2025-11-17 09:40:30 [auth-service] [32minfo[39m: [32mauth-service is running on port 3001[39m
2025-11-17 09:40:34 [auth-service] [32minfo[39m: [32mauth-service is running on port 3001[39m
2025-11-17 09:40:36 [auth-service] [32minfo[39m: [32mauth-service is running on port 3001[39m
2025-11-17 09:40:38 [auth-service] [32minfo[39m: [32mauth-service is running on port 3001[39m
2025-11-17 09:40:43 [auth-service] [32minfo[39m: [32mauth-service is running on port 3001[39m
2025-11-17 09:40:45 [auth-service] [32minfo[39m: [32mauth-service is running on port 3001[39m
2025-11-17 09:40:46 [auth-service] [32minfo[39m: [32mauth-service is running on port 3001[39m
2025-11-17 09:40:48 [auth-service] [32minfo[39m: [32mauth-service is running on port 3001[39m
2025-11-17 09:40:58 [auth-service] [32minfo[39m: [32mauth-service is running on port 3001[39m
2025-11-17 09:41:07 [auth-service] [32minfo[39m: [32mauth-service is running on port 3001[39m
2025-11-17 09:41:12 [auth-service] [32minfo[39m: [32mauth-service is running on port 3001[39m
2025-11-17 09:45:56 [auth-service] [32minfo[39m: [32mauth-service is running on port 3001[39m
2025-11-19 08:39:20 [auth-service] [32minfo[39m: [32mauth-service is running on port 3001[39m
2025-11-19 08:39:28 [auth-service] [32minfo[39m: [32mauth-service is running on port 3001[39m
2025-11-19 08:39:35 [auth-service] [32minfo[39m: [32mauth-service is running on port 3001[39m
2025-11-19 08:39:39 [auth-service] [32minfo[39m: [32mauth-service is running on port 3001[39m
2025-11-19 08:39:43 [auth-service] [32minfo[39m: [32mauth-service is running on port 3001[39m
2025-11-19 08:39:55 [auth-service] [32minfo[39m: [32mauth-service is running on port 3001[39m
2025-11-19 08:40:00 [auth-service] [32minfo[39m: [32mauth-service is running on port 3001[39m
2025-11-19 08:52:50 [auth-service] [32minfo[39m: [32mauth-service is running on port 3001[39m
2025-12-01 08:36:20 [auth-service] [32minfo[39m: [32mauth-service is running on port 3001[39m
2025-12-01 08:39:15 [auth-service] [32minfo[39m: [32mNew user registered: john@gmail.com[39m
2025-12-01 08:40:05 [auth-service] [32minfo[39m: [32mUser logged in: john@gmail.com[39m
2025-12-01 08:46:38 [auth-service] [32minfo[39m: [32mauth-service is running on port 3001[39m
2025-12-01 08:46:40 [auth-service] [32minfo[39m: [32mauth-service is running on port 3001[39m
2025-12-01 08:46:41 [auth-service] [32minfo[39m: [32mauth-service is running on port 3001[39m
2025-12-01 08:47:08 [auth-service] [32minfo[39m: [32mauth-service is running on port 3001[39m
2025-12-01 08:47:09 [auth-service] [32minfo[39m: [32mauth-service is running on port 3001[39m
2025-12-01 08:48:26 [auth-service] [32minfo[39m: [32mauth-service is running on port 3001[39m
2025-12-01 08:48:29 [auth-service] [32minfo[39m: [32mauth-service is running on port 3001[39m
2025-12-01 08:49:42 [auth-service] [32minfo[39m: [32mUser logged in: john@gmail.com[39m
2025-12-01 09:12:32 [auth-service] [32minfo[39m: [32mNew user registered: admin@gmail.com[39m
2025-12-01 09:48:45 [auth-service] [32minfo[39m: [32mNew user registered: paul@gmail.com[39m
2025-12-01 09:50:01 [auth-service] [32minfo[39m: [32mUser logged in: admin@gmail.com[39m
2025-12-05 08:09:00 [auth-service] [32minfo[39m: [32mauth-service is running on port 3001[39m
2025-12-05 08:09:31 [auth-service] [32minfo[39m: [32mUser logged in: admin@gmail.com[39m
2025-12-05 08:11:42 [auth-service] [32minfo[39m: [32mNew user registered: tony@gmail.com[39m
2025-12-05 08:19:38 [auth-service] [32minfo[39m: [32mNew user registered: clark@gmail.com[39m
2025-12-05 09:23:44 [auth-service] [32minfo[39m: [32mUser logged in: clark@gmail.com[39m
2025-12-05 09:23:50 [auth-service] [32minfo[39m: [32mUser logged in: admin@gmail.com[39m
2025-12-05 09:56:40 [auth-service] [32minfo[39m: [32mauth-service is running on port 3001[39m
